2026-04-13 00:47:15,681 | INFO     | [SCHEDULER] Started (Africa/Lagos timezone)
2026-04-13 00:47:15,681 | INFO     | SMO Team Scheduler v4.0 started
2026-04-13 00:47:34,174 | INFO     | GET /me -> 401 (0.029s)
2026-04-13 00:47:34,184 | INFO     | GET /me -> 401 (0.004s)
2026-04-13 00:47:36,616 | INFO     | Auto-registered: nanicomlekan@sterling.ng
2026-04-13 00:47:36,617 | INFO     | Login: nanicomlekan@sterling.ng role=no_team team=None
2026-04-13 00:47:36,619 | INFO     | POST /login -> 200 (0.452s)
2026-04-13 00:47:53,557 | INFO     | Team created: 'SMO' by nanicomlekan@sterling.ng
2026-04-13 00:47:53,559 | INFO     | POST /api/teams/create -> 200 (0.027s)
2026-04-13 00:47:53,573 | INFO     | GET /me -> 200 (0.006s)
2026-04-13 00:47:53,598 | INFO     | GET /api/officers/ -> 200 (0.010s)
2026-04-13 00:47:53,635 | INFO     | GET /api/shift-models/ -> 200 (0.025s)
2026-04-13 00:47:53,677 | INFO     | GET /api/schedules/ -> 200 (0.034s)
2026-04-13 00:47:53,711 | INFO     | GET /api/leave-requests/ -> 200 (0.026s)
2026-04-13 00:47:53,737 | INFO     | GET /api/swaps/ -> 200 (0.020s)
2026-04-13 00:47:53,755 | INFO     | GET /api/settings/ -> 200 (0.014s)
2026-04-13 00:47:53,769 | INFO     | GET /api/officers/ -> 200 (0.012s)
2026-04-13 00:47:53,779 | INFO     | GET /api/shift-models/ -> 200 (0.005s)
2026-04-13 00:47:53,787 | INFO     | GET /api/schedules/ -> 200 (0.006s)
2026-04-13 00:47:53,800 | INFO     | GET /api/leave-requests/ -> 200 (0.008s)
2026-04-13 00:47:53,808 | INFO     | GET /api/swaps/ -> 200 (0.004s)
2026-04-13 00:47:53,820 | INFO     | GET /api/settings/ -> 200 (0.008s)
2026-04-13 00:48:02,537 | INFO     | Shift model 'EOAM' created for team 1
2026-04-13 00:48:02,541 | INFO     | POST /api/shift-models/ -> 201 (0.034s)
2026-04-13 00:48:02,553 | INFO     | GET /api/shift-models/ -> 200 (0.005s)
2026-04-13 00:48:49,294 | INFO     | GET /api/holidays/ -> 200 (0.009s)
2026-04-13 00:48:51,040 | INFO     | POST /api/holidays/seed-nigerian -> 200 (0.043s)
2026-04-13 00:48:51,058 | INFO     | GET /api/holidays/ -> 200 (0.008s)
2026-04-13 00:48:56,001 | INFO     | GET /api/holidays/ -> 200 (0.007s)
2026-04-13 00:48:56,023 | INFO     | GET /api/analytics/ -> 200 (0.015s)
2026-04-13 00:48:57,046 | INFO     | GET /api/leave-requests/ -> 200 (0.021s)
2026-04-13 00:48:57,053 | INFO     | GET /api/swaps/ -> 200 (0.027s)
2026-04-13 00:48:57,062 | INFO     | GET /api/holidays/ -> 200 (0.036s)
2026-04-13 00:48:58,302 | INFO     | GET /api/holidays/ -> 200 (0.016s)
2026-04-13 00:48:59,554 | INFO     | GET /api/holidays/ -> 200 (0.009s)
2026-04-13 01:13:25,745 | INFO     | GET /me -> 200 (0.080s)
2026-04-13 01:13:25,774 | INFO     | GET /me -> 200 (0.016s)
2026-04-13 01:13:26,405 | INFO     | GET /api/officers/ -> 200 (0.019s)
2026-04-13 01:13:27,503 | INFO     | GET /api/shift-models/ -> 200 (0.011s)
2026-04-13 01:13:27,567 | INFO     | GET /api/schedules/ -> 200 (0.007s)
2026-04-13 01:13:27,590 | INFO     | GET /api/leave-requests/ -> 200 (0.010s)
2026-04-13 01:13:27,633 | INFO     | GET /api/swaps/ -> 200 (0.013s)
2026-04-13 01:13:27,667 | INFO     | GET /api/settings/ -> 200 (0.016s)
2026-04-13 01:13:27,681 | INFO     | GET /api/officers/ -> 200 (0.014s)
2026-04-13 01:13:27,701 | INFO     | GET /api/shift-models/ -> 200 (0.008s)
2026-04-13 01:13:27,782 | INFO     | GET /api/schedules/ -> 200 (0.018s)
2026-04-13 01:13:27,909 | INFO     | GET /api/leave-requests/ -> 200 (0.018s)
2026-04-13 01:13:27,970 | INFO     | GET /api/swaps/ -> 200 (0.009s)
2026-04-13 01:13:27,997 | INFO     | GET /api/settings/ -> 200 (0.016s)
2026-04-13 03:07:59,254 | INFO     | GET /me -> 200 (0.179s)
2026-04-13 03:07:59,359 | INFO     | GET /me -> 200 (0.093s)
2026-04-13 03:07:59,594 | INFO     | GET /api/shift-models/ -> 200 (0.190s)
2026-04-13 03:07:59,629 | INFO     | GET /api/schedules/ -> 200 (0.224s)
2026-04-13 03:07:59,733 | INFO     | GET /api/officers/ -> 200 (0.360s)
2026-04-13 03:07:59,809 | INFO     | GET /api/leave-requests/ -> 200 (0.170s)
2026-04-13 03:07:59,820 | INFO     | GET /api/swaps/ -> 200 (0.174s)
2026-04-13 03:07:59,864 | INFO     | GET /api/settings/ -> 200 (0.211s)
2026-04-13 03:07:59,889 | INFO     | GET /api/schedules/ -> 200 (0.221s)
2026-04-13 03:07:59,905 | INFO     | GET /api/shift-models/ -> 200 (0.235s)
2026-04-13 03:07:59,924 | INFO     | GET /api/officers/ -> 200 (0.137s)
2026-04-13 03:07:59,945 | INFO     | GET /api/swaps/ -> 200 (0.083s)
2026-04-13 03:07:59,951 | INFO     | GET /api/leave-requests/ -> 200 (0.087s)
2026-04-13 03:07:59,963 | INFO     | GET /api/settings/ -> 200 (0.076s)
2026-04-13 03:08:07,462 | INFO     | Shift model 'EOAM' deleted from team 1
2026-04-13 03:08:07,469 | INFO     | DELETE /api/shift-models/1 -> 200 (0.167s)
2026-04-13 03:08:07,486 | INFO     | GET /api/shift-models/ -> 200 (0.006s)
2026-04-13 06:19:15,653 | INFO     | [SCHEDULER] Started (Africa/Lagos timezone)
2026-04-13 06:19:15,657 | INFO     | SMO Team Scheduler v4.0 started
2026-04-13 06:33:55,650 | INFO     | [SCHEDULER] Started (Africa/Lagos timezone)
2026-04-13 06:33:55,650 | INFO     | SMO Team Scheduler v4.0 started
2026-04-13 06:34:21,446 | INFO     | GET /api/shift-models/ -> 401 (0.106s)
2026-04-13 06:34:21,452 | INFO     | GET /api/schedules/ -> 401 (0.112s)
2026-04-13 06:34:21,456 | INFO     | GET /api/settings/ -> 401 (0.116s)
2026-04-13 06:34:21,460 | INFO     | GET /api/officers/ -> 401 (0.126s)
2026-04-13 06:34:21,466 | INFO     | GET /api/leave-requests/ -> 401 (0.124s)
2026-04-13 06:34:21,468 | INFO     | GET /api/swaps/ -> 401 (0.130s)
2026-04-13 06:34:21,482 | INFO     | GET /api/shift-models/ -> 401 (0.010s)
2026-04-13 06:34:21,486 | INFO     | GET /api/schedules/ -> 401 (0.012s)
2026-04-13 06:34:21,500 | INFO     | GET /api/officers/ -> 401 (0.010s)
2026-04-13 06:34:21,502 | INFO     | GET /api/settings/ -> 401 (0.014s)
2026-04-13 06:34:21,773 | INFO     | GET /api/leave-requests/ -> 401 (0.006s)
2026-04-13 06:34:21,773 | INFO     | GET /api/swaps/ -> 401 (0.004s)
2026-04-13 06:34:21,865 | INFO     | GET /me -> 401 (0.008s)
2026-04-13 06:34:21,880 | INFO     | GET /me -> 401 (0.009s)
2026-04-13 06:34:52,029 | INFO     | [SCHEDULER] Started (Africa/Lagos timezone)
2026-04-13 06:34:52,029 | INFO     | SMO Team Scheduler v4.0 started
2026-04-13 06:35:05,142 | INFO     | GET / -> 200 (0.002s)
2026-04-13 06:35:34,259 | INFO     | Auto-registered: nanicomlekan@sterling.ng
2026-04-13 06:35:34,271 | INFO     | Login: nanicomlekan@sterling.ng role=no_team team=None
2026-04-13 06:35:34,275 | INFO     | POST /login -> 200 (0.870s)
2026-04-13 06:35:41,633 | INFO     | Team created: 'SMO' by nanicomlekan@sterling.ng
2026-04-13 06:35:41,637 | INFO     | POST /api/teams/create -> 200 (0.089s)
2026-04-13 06:35:41,672 | INFO     | GET /me -> 200 (0.022s)
2026-04-13 06:35:41,722 | INFO     | GET /api/officers/ -> 200 (0.034s)
2026-04-13 06:35:41,755 | INFO     | GET /api/shift-models/ -> 200 (0.060s)
2026-04-13 06:35:41,772 | INFO     | GET /api/schedules/ -> 200 (0.037s)
2026-04-13 06:35:41,812 | INFO     | GET /api/leave-requests/ -> 200 (0.041s)
2026-04-13 06:35:41,828 | INFO     | GET /api/swaps/ -> 200 (0.040s)
2026-04-13 06:35:41,871 | INFO     | GET /api/officers/ -> 200 (0.037s)
2026-04-13 06:35:41,879 | INFO     | GET /api/settings/ -> 200 (0.058s)
2026-04-13 06:35:41,908 | INFO     | GET /api/shift-models/ -> 200 (0.022s)
2026-04-13 06:35:41,919 | INFO     | GET /api/schedules/ -> 200 (0.029s)
2026-04-13 06:35:41,955 | INFO     | GET /api/leave-requests/ -> 200 (0.030s)
2026-04-13 06:35:41,958 | INFO     | GET /api/swaps/ -> 200 (0.023s)
2026-04-13 06:35:41,991 | INFO     | GET /api/settings/ -> 200 (0.033s)
2026-04-13 06:37:24,946 | INFO     | Shift model created: 'EOAM' team=1
2026-04-13 06:37:24,947 | INFO     | POST /api/shift-models/ -> 200 (0.098s)
2026-04-13 06:37:24,980 | INFO     | GET /api/shift-models/ -> 200 (0.017s)
2026-04-13 06:38:30,796 | INFO     | Officer added: 1@sterling.ng team=1
2026-04-13 06:38:30,798 | INFO     | POST /api/officers/ -> 200 (0.086s)
2026-04-13 06:38:30,835 | INFO     | GET /api/officers/ -> 200 (0.017s)
2026-04-13 06:38:43,532 | INFO     | Officer added: 2@sterling.ng team=1
2026-04-13 06:38:43,544 | INFO     | POST /api/officers/ -> 200 (0.045s)
2026-04-13 06:38:43,571 | INFO     | GET /api/officers/ -> 200 (0.018s)
2026-04-13 06:38:53,926 | INFO     | Officer added: 3@sterling.ng team=1
2026-04-13 06:38:53,926 | INFO     | POST /api/officers/ -> 200 (0.050s)
2026-04-13 06:38:53,959 | INFO     | GET /api/officers/ -> 200 (0.017s)
2026-04-13 06:39:02,414 | INFO     | Officer added: 4@sterling.ng team=1
2026-04-13 06:39:02,421 | INFO     | POST /api/officers/ -> 200 (0.034s)
2026-04-13 06:39:02,435 | INFO     | GET /api/officers/ -> 200 (0.007s)
2026-04-13 06:39:11,693 | INFO     | Officer added: 5@sterling.ng team=1
2026-04-13 06:39:11,695 | INFO     | POST /api/officers/ -> 200 (0.049s)
2026-04-13 06:39:11,737 | INFO     | GET /api/officers/ -> 200 (0.028s)
2026-04-13 06:39:20,128 | INFO     | Officer added: 6@sterling.ng team=1
2026-04-13 06:39:20,128 | INFO     | POST /api/officers/ -> 200 (0.046s)
2026-04-13 06:39:20,149 | INFO     | GET /api/officers/ -> 200 (0.010s)
2026-04-13 06:39:28,926 | INFO     | Officer added: 7@sterling.ng team=1
2026-04-13 06:39:28,926 | INFO     | POST /api/officers/ -> 200 (0.044s)
2026-04-13 06:39:28,944 | INFO     | GET /api/officers/ -> 200 (0.010s)
2026-04-13 06:39:40,314 | INFO     | Officer added: 8@sterling.ng team=1
2026-04-13 06:39:40,324 | INFO     | POST /api/officers/ -> 200 (0.039s)
2026-04-13 06:39:40,344 | INFO     | GET /api/officers/ -> 200 (0.018s)
2026-04-13 06:40:13,590 | INFO     | [PREVIEW] team=1 2026-04 officers=9
2026-04-13 06:40:13,598 | INFO     | POST /api/schedules/preview -> 200 (0.041s)
2026-04-13 06:50:48,592 | INFO     | DELETE /api/shift-models/1 -> 200 (0.071s)
2026-04-13 06:50:48,610 | INFO     | GET /api/shift-models/ -> 200 (0.005s)
2026-04-13 06:51:23,387 | INFO     | Shift model created: 'EOAM' team=1
2026-04-13 06:51:23,389 | INFO     | POST /api/shift-models/ -> 200 (0.041s)
2026-04-13 06:51:23,401 | INFO     | GET /api/shift-models/ -> 200 (0.006s)
2026-04-13 06:51:31,159 | INFO     | [PREVIEW] team=1 2026-04 officers=9
2026-04-13 06:51:31,174 | INFO     | POST /api/schedules/preview -> 200 (0.036s)
2026-04-13 06:52:06,862 | INFO     | DELETE /api/shift-models/1 -> 200 (0.029s)
2026-04-13 06:52:06,877 | INFO     | GET /api/shift-models/ -> 200 (0.007s)
2026-04-13 06:52:50,439 | INFO     | POST /api/schedules/preview -> 404 (0.016s)
2026-04-13 06:52:57,456 | INFO     | Shift model created: 'EOAM' team=1
2026-04-13 06:52:57,463 | INFO     | POST /api/shift-models/ -> 200 (0.033s)
2026-04-13 06:52:57,495 | INFO     | GET /api/shift-models/ -> 200 (0.018s)
2026-04-13 06:53:01,378 | INFO     | [PREVIEW] team=1 2026-04 officers=9
2026-04-13 06:53:01,381 | INFO     | POST /api/schedules/preview -> 200 (0.012s)
2026-04-13 06:53:28,585 | INFO     | [PREVIEW] team=1 2026-04 officers=9
2026-04-13 06:53:28,600 | INFO     | POST /api/schedules/preview -> 200 (0.019s)
2026-04-13 06:53:48,701 | INFO     | [SAVE] team=1 2026-04 id=1
2026-04-13 06:53:48,703 | INFO     | POST /api/schedules/save -> 200 (0.089s)
2026-04-13 06:53:48,734 | INFO     | GET /api/schedules/ -> 200 (0.016s)
2026-04-13 06:54:24,747 | INFO     | POST /api/emails/send-monthly/1 -> 200 (0.011s)
2026-04-13 06:54:24,760 | INFO     | [EMAIL SKIPPED] to=nanicomlekan@sterling.ng | Your SMO Schedule — April 2026
2026-04-13 06:54:24,792 | INFO     | [EMAIL SKIPPED] to=1@sterling.ng | Your SMO Schedule — April 2026
2026-04-13 06:54:24,821 | INFO     | [EMAIL SKIPPED] to=2@sterling.ng | Your SMO Schedule — April 2026
2026-04-13 06:54:24,837 | INFO     | [EMAIL SKIPPED] to=3@sterling.ng | Your SMO Schedule — April 2026
2026-04-13 06:54:24,858 | INFO     | [EMAIL SKIPPED] to=4@sterling.ng | Your SMO Schedule — April 2026
2026-04-13 06:54:24,888 | INFO     | [EMAIL SKIPPED] to=5@sterling.ng | Your SMO Schedule — April 2026
2026-04-13 06:54:24,920 | INFO     | [EMAIL SKIPPED] to=6@sterling.ng | Your SMO Schedule — April 2026
2026-04-13 06:54:24,953 | INFO     | [EMAIL SKIPPED] to=7@sterling.ng | Your SMO Schedule — April 2026
2026-04-13 06:54:24,980 | INFO     | [EMAIL SKIPPED] to=8@sterling.ng | Your SMO Schedule — April 2026
2026-04-13 06:54:25,005 | INFO     | Emails sent=0 for schedule #1
2026-04-13 06:54:25,005 | INFO     | GET /api/schedules/ -> 200 (0.000s)
2026-04-13 06:54:46,139 | INFO     | GET /api/holidays/ -> 200 (0.006s)
2026-04-13 06:55:04,064 | INFO     | Auto-registered: 1@sterling.ng
2026-04-13 06:55:04,065 | INFO     | Login: 1@sterling.ng role=no_team team=None
2026-04-13 06:55:04,065 | INFO     | POST /login -> 200 (0.249s)
2026-04-13 06:55:08,058 | INFO     | GET /api/teams/available -> 200 (0.005s)
2026-04-13 06:55:13,135 | INFO     | 1@sterling.ng joined team 'SMO'
2026-04-13 06:55:13,135 | INFO     | POST /api/teams/join -> 200 (0.037s)
2026-04-13 06:55:13,153 | INFO     | GET /me -> 200 (0.005s)
2026-04-13 06:55:13,185 | INFO     | GET /api/my-schedule/available-months -> 200 (0.000s)
2026-04-13 06:55:13,215 | INFO     | GET /api/my-schedule/ -> 200 (0.015s)
2026-04-13 06:55:13,230 | INFO     | GET /api/my-schedule/available-months -> 200 (0.011s)
2026-04-13 06:55:13,255 | INFO     | GET /api/my-schedule/ -> 200 (0.016s)
2026-04-13 06:55:25,041 | INFO     | GET /api/leave-requests/ -> 200 (0.010s)
2026-04-13 06:55:27,430 | INFO     | GET /api/swaps/ -> 200 (0.006s)
2026-04-13 06:55:29,853 | INFO     | GET /api/leave-requests/ -> 200 (0.014s)
2026-04-13 06:55:44,295 | INFO     | Leave request: 1@sterling.ng 2026-04-14->2026-04-17 team=1
2026-04-13 06:55:44,295 | INFO     | POST /api/leave-requests/ -> 200 (0.017s)
2026-04-13 06:55:44,314 | INFO     | GET /api/leave-requests/ -> 200 (0.006s)
2026-04-13 06:55:47,560 | INFO     | GET /api/swaps/ -> 200 (0.010s)
2026-04-13 06:56:04,579 | INFO     | POST /api/swaps/ -> 200 (0.057s)
2026-04-13 06:56:04,593 | INFO     | GET /api/swaps/ -> 200 (0.007s)
2026-04-13 06:56:10,969 | INFO     | Login: nanicomlekan@sterling.ng role=teamlead team=SMO
2026-04-13 06:56:10,971 | INFO     | POST /login -> 200 (0.264s)
2026-04-13 06:56:10,991 | INFO     | GET /api/shift-models/ -> 200 (0.007s)
2026-04-13 06:56:10,993 | INFO     | GET /api/schedules/ -> 200 (0.009s)
2026-04-13 06:56:10,999 | INFO     | GET /api/swaps/ -> 200 (0.003s)
2026-04-13 06:56:10,999 | INFO     | GET /api/leave-requests/ -> 200 (0.004s)
2026-04-13 06:56:11,016 | INFO     | GET /api/officers/ -> 200 (0.007s)
2026-04-13 06:56:11,016 | INFO     | GET /api/settings/ -> 200 (0.006s)
2026-04-13 06:56:11,029 | INFO     | GET /api/schedules/ -> 200 (0.013s)
2026-04-13 06:56:11,031 | INFO     | GET /api/shift-models/ -> 200 (0.015s)
2026-04-13 06:56:11,047 | INFO     | GET /api/swaps/ -> 200 (0.011s)
2026-04-13 06:56:11,049 | INFO     | GET /api/leave-requests/ -> 200 (0.012s)
2026-04-13 06:56:11,063 | INFO     | GET /api/officers/ -> 200 (0.009s)
2026-04-13 06:56:11,064 | INFO     | GET /api/settings/ -> 200 (0.010s)
2026-04-13 06:56:15,074 | INFO     | GET /api/leave-requests/ -> 200 (0.012s)
2026-04-13 06:56:15,077 | INFO     | GET /api/swaps/ -> 200 (0.014s)
2026-04-13 06:56:17,968 | INFO     | GET /api/analytics/ -> 200 (0.032s)
2026-04-13 22:32:05,323 | WARNING  | [EMAIL] fastapi-mail not installed — emails will be skipped
2026-04-13 22:32:12,251 | INFO     | [SCHEDULER] Started (Africa/Lagos timezone)
2026-04-13 22:32:12,251 | INFO     | SMO Team Scheduler v4.0 started
2026-04-13 22:34:57,331 | WARNING  | [EMAIL] fastapi-mail not installed — emails will be skipped
2026-04-13 22:34:57,590 | INFO     | [SCHEDULER] Started (Africa/Lagos timezone)
2026-04-13 22:34:57,590 | INFO     | SMO Team Scheduler v4.0 started
2026-04-13 22:35:49,196 | INFO     | GET /me -> 200 (0.046s)
2026-04-13 22:35:49,205 | INFO     | GET /me -> 200 (0.007s)
2026-04-13 22:35:49,239 | INFO     | GET /api/officers/ -> 200 (0.015s)
2026-04-13 22:35:49,248 | INFO     | GET /api/shift-models/ -> 200 (0.017s)
2026-04-13 22:35:49,257 | INFO     | GET /api/schedules/ -> 200 (0.012s)
2026-04-13 22:35:49,266 | INFO     | GET /api/leave-requests/ -> 200 (0.014s)
2026-04-13 22:35:49,279 | INFO     | GET /api/swaps/ -> 200 (0.015s)
2026-04-13 22:35:49,283 | INFO     | GET /api/settings/ -> 200 (0.008s)
2026-04-13 22:35:49,293 | INFO     | GET /api/officers/ -> 200 (0.008s)
2026-04-13 22:35:49,293 | INFO     | GET /api/shift-models/ -> 200 (0.008s)
2026-04-13 22:35:49,297 | INFO     | GET /api/schedules/ -> 200 (0.000s)
2026-04-13 22:35:49,305 | INFO     | GET /api/leave-requests/ -> 200 (0.008s)
2026-04-13 22:35:49,314 | INFO     | GET /api/swaps/ -> 200 (0.008s)
2026-04-13 22:35:49,322 | INFO     | GET /api/settings/ -> 200 (0.017s)
2026-04-13 22:35:57,229 | INFO     | Login: nanicomlekan@sterling.ng role=teamlead team=SMO
2026-04-13 22:35:57,229 | INFO     | POST /login -> 200 (0.901s)
2026-04-13 22:35:57,365 | INFO     | GET /api/shift-models/ -> 200 (0.114s)
2026-04-13 22:35:57,381 | INFO     | GET /api/officers/ -> 200 (0.136s)
2026-04-13 22:35:57,389 | INFO     | GET /api/schedules/ -> 200 (0.136s)
2026-04-13 22:35:57,397 | INFO     | GET /api/leave-requests/ -> 200 (0.142s)
2026-04-13 22:35:57,430 | INFO     | GET /api/swaps/ -> 200 (0.045s)
2026-04-13 22:35:57,439 | INFO     | GET /api/shift-models/ -> 200 (0.037s)
2026-04-13 22:35:57,446 | INFO     | GET /api/officers/ -> 200 (0.041s)
2026-04-13 22:35:57,446 | INFO     | GET /api/settings/ -> 200 (0.058s)
2026-04-13 22:35:57,488 | INFO     | GET /api/schedules/ -> 200 (0.041s)
2026-04-13 22:35:57,505 | INFO     | GET /api/swaps/ -> 200 (0.050s)
2026-04-13 22:35:57,505 | INFO     | GET /api/leave-requests/ -> 200 (0.059s)
2026-04-13 22:35:57,505 | INFO     | GET /api/settings/ -> 200 (0.043s)
2026-04-13 22:36:38,438 | INFO     | GET /api/swaps/ -> 200 (0.022s)
2026-04-13 22:36:38,443 | INFO     | GET /api/leave-requests/ -> 200 (0.033s)
2026-04-13 22:36:56,305 | INFO     | PUT /api/swaps/1/resolve -> 200 (0.074s)
2026-04-13 22:36:56,330 | INFO     | GET /api/swaps/ -> 200 (0.015s)
2026-04-13 22:36:59,704 | INFO     | PUT /api/leave-requests/1/review -> 200 (0.059s)
2026-04-13 22:36:59,728 | INFO     | GET /api/leave-requests/ -> 200 (0.009s)
2026-04-13 22:37:23,037 | INFO     | GET /api/analytics/ -> 200 (0.032s)
2026-04-13 22:37:38,814 | INFO     | GET /api/analytics/ -> 200 (0.014s)
2026-04-13 22:37:48,270 | INFO     | [PREVIEW] team=1 2026-04 officers=9
2026-04-13 22:37:48,286 | INFO     | POST /api/schedules/preview -> 200 (0.050s)
2026-04-13 22:39:38,154 | INFO     | GET /api/holidays/ -> 200 (0.022s)
2026-04-13 22:39:40,913 | INFO     | POST /api/holidays/seed-nigerian -> 200 (0.056s)
2026-04-13 22:39:40,945 | INFO     | GET /api/holidays/ -> 200 (0.016s)
2026-04-13 22:40:56,139 | INFO     | GET /api/holidays/ -> 200 (0.023s)
2026-04-13 22:40:56,147 | INFO     | GET /api/analytics/ -> 200 (0.032s)
2026-04-13 22:40:57,773 | INFO     | GET /api/leave-requests/ -> 200 (0.039s)
2026-04-13 22:40:57,777 | INFO     | GET /api/holidays/ -> 200 (0.039s)
2026-04-13 22:40:57,790 | INFO     | GET /api/swaps/ -> 200 (0.054s)
2026-04-13 22:40:58,851 | INFO     | GET /api/holidays/ -> 200 (0.032s)
2026-04-13 22:40:58,857 | INFO     | GET /api/analytics/ -> 200 (0.038s)
2026-04-13 22:41:02,784 | INFO     | GET /api/swaps/ -> 200 (0.017s)
2026-04-13 22:41:02,798 | INFO     | GET /api/leave-requests/ -> 200 (0.031s)
2026-04-13 22:41:02,818 | INFO     | GET /api/holidays/ -> 200 (0.015s)
2026-04-13 22:41:05,789 | INFO     | GET /api/holidays/ -> 200 (0.009s)
2026-04-13 22:41:09,480 | INFO     | GET /api/swaps/ -> 200 (0.026s)
2026-04-13 22:41:09,486 | INFO     | GET /api/leave-requests/ -> 200 (0.032s)
2026-04-13 22:41:09,502 | INFO     | GET /api/holidays/ -> 200 (0.008s)
2026-04-13 22:41:10,747 | INFO     | GET /api/holidays/ -> 200 (0.033s)
2026-04-13 22:41:10,754 | INFO     | GET /api/analytics/ -> 200 (0.040s)
2026-04-13 22:41:14,367 | INFO     | GET /api/holidays/ -> 200 (0.008s)
2026-04-13 22:42:25,495 | INFO     | Login: nanicomlekan@sterling.ng role=teamlead team=SMO
2026-04-13 22:42:25,500 | INFO     | POST /login -> 200 (0.695s)
2026-04-13 22:42:25,536 | INFO     | GET /api/shift-models/ -> 200 (0.023s)
2026-04-13 22:42:25,546 | INFO     | GET /api/officers/ -> 200 (0.035s)
2026-04-13 22:42:25,589 | INFO     | GET /api/schedules/ -> 200 (0.044s)
2026-04-13 22:42:25,613 | INFO     | GET /api/leave-requests/ -> 200 (0.061s)
2026-04-13 22:42:25,667 | INFO     | GET /api/swaps/ -> 200 (0.056s)
2026-04-13 22:42:25,681 | INFO     | GET /api/settings/ -> 200 (0.042s)
2026-04-13 22:42:25,718 | INFO     | GET /api/shift-models/ -> 200 (0.037s)
2026-04-13 22:42:25,741 | INFO     | GET /api/officers/ -> 200 (0.044s)
2026-04-13 22:42:25,751 | INFO     | GET /api/schedules/ -> 200 (0.023s)
2026-04-13 22:42:25,774 | INFO     | GET /api/leave-requests/ -> 200 (0.025s)
2026-04-13 22:42:25,782 | INFO     | GET /api/swaps/ -> 200 (0.021s)
2026-04-13 22:42:25,799 | INFO     | GET /api/settings/ -> 200 (0.016s)
2026-04-13 22:42:35,727 | INFO     | [PREVIEW] team=1 2026-04 officers=9
2026-04-13 22:42:35,732 | INFO     | POST /api/schedules/preview -> 200 (0.025s)
2026-04-13 22:42:43,629 | INFO     | GET /api/swaps/ -> 200 (0.025s)
2026-04-13 22:42:43,629 | INFO     | GET /api/leave-requests/ -> 200 (0.025s)
2026-04-13 22:42:56,352 | INFO     | Auto-registered: 2@sterling.ng
2026-04-13 22:42:56,352 | INFO     | Login: 2@sterling.ng role=no_team team=None
2026-04-13 22:42:56,352 | INFO     | POST /login -> 200 (0.695s)
2026-04-13 22:43:07,417 | INFO     | Team created: 'smo' by 2@sterling.ng
2026-04-13 22:43:07,417 | INFO     | POST /api/teams/create -> 200 (0.074s)
2026-04-13 22:43:07,461 | INFO     | GET /me -> 200 (0.018s)
2026-04-13 22:43:07,494 | INFO     | GET /api/officers/ -> 200 (0.012s)
2026-04-13 22:43:07,523 | INFO     | GET /api/shift-models/ -> 200 (0.014s)
2026-04-13 22:43:07,544 | INFO     | GET /api/schedules/ -> 200 (0.021s)
2026-04-13 22:43:07,566 | INFO     | GET /api/leave-requests/ -> 200 (0.018s)
2026-04-13 22:43:07,593 | INFO     | GET /api/swaps/ -> 200 (0.028s)
2026-04-13 22:43:07,629 | INFO     | GET /api/officers/ -> 200 (0.029s)
2026-04-13 22:43:07,645 | INFO     | GET /api/settings/ -> 200 (0.045s)
2026-04-13 22:43:07,693 | INFO     | GET /api/shift-models/ -> 200 (0.048s)
2026-04-13 22:43:07,716 | INFO     | GET /api/schedules/ -> 200 (0.055s)
2026-04-13 22:43:07,724 | INFO     | GET /api/leave-requests/ -> 200 (0.079s)
2026-04-13 22:43:07,744 | INFO     | GET /api/swaps/ -> 200 (0.024s)
2026-04-13 22:43:07,758 | INFO     | GET /api/settings/ -> 200 (0.034s)
2026-04-13 22:43:22,715 | INFO     | Login: 2@sterling.ng role=teamlead team=smo
2026-04-13 22:43:22,721 | INFO     | POST /login -> 200 (0.757s)
2026-04-13 22:43:22,779 | INFO     | GET /api/officers/ -> 200 (0.041s)
2026-04-13 22:43:22,783 | INFO     | GET /api/shift-models/ -> 200 (0.039s)
2026-04-13 22:43:22,783 | INFO     | GET /api/schedules/ -> 200 (0.037s)
2026-04-13 22:43:22,846 | INFO     | GET /api/swaps/ -> 200 (0.049s)
2026-04-13 22:43:22,851 | INFO     | GET /api/leave-requests/ -> 200 (0.054s)
2026-04-13 22:43:22,860 | INFO     | GET /api/settings/ -> 200 (0.057s)
2026-04-13 22:43:22,900 | INFO     | GET /api/shift-models/ -> 200 (0.038s)
2026-04-13 22:43:22,900 | INFO     | GET /api/schedules/ -> 200 (0.038s)
2026-04-13 22:43:22,907 | INFO     | GET /api/officers/ -> 200 (0.056s)
2026-04-13 22:43:22,946 | INFO     | GET /api/swaps/ -> 200 (0.030s)
2026-04-13 22:43:22,962 | INFO     | GET /api/leave-requests/ -> 200 (0.047s)
2026-04-13 22:43:22,962 | INFO     | GET /api/settings/ -> 200 (0.045s)
2026-04-14 19:51:48,646 | INFO     | GET /api/officers/ -> 200 (0.018s)
2026-04-14 19:51:48,648 | INFO     | GET /api/shift-models/ -> 200 (0.018s)
2026-04-14 19:51:48,669 | INFO     | GET /api/schedules/ -> 200 (0.015s)
2026-04-14 19:51:48,688 | INFO     | GET /api/leave-requests/ -> 200 (0.019s)
2026-04-14 19:51:48,691 | INFO     | GET /api/swaps/ -> 200 (0.016s)
2026-04-14 19:51:48,712 | INFO     | GET /api/officers/ -> 200 (0.017s)
2026-04-14 19:51:48,714 | INFO     | GET /api/shift-models/ -> 200 (0.017s)
2026-04-14 19:51:48,738 | INFO     | GET /api/schedules/ -> 200 (0.016s)
2026-04-14 19:51:48,743 | INFO     | GET /api/settings/ -> 200 (0.023s)
2026-04-14 19:51:48,764 | INFO     | GET /api/swaps/ -> 200 (0.014s)
2026-04-14 19:51:48,765 | INFO     | GET /api/leave-requests/ -> 200 (0.015s)
2026-04-14 19:51:48,783 | INFO     | GET /api/settings/ -> 200 (0.013s)
2026-04-14 19:51:57,680 | INFO     | Login: nanicomlekan@sterling.ng role=teamlead team=SMO
2026-04-14 19:51:57,680 | INFO     | POST /login -> 200 (0.296s)
2026-04-14 19:51:57,715 | INFO     | GET /api/officers/ -> 200 (0.024s)
2026-04-14 19:51:57,717 | INFO     | GET /api/shift-models/ -> 200 (0.026s)
2026-04-14 19:51:57,721 | INFO     | GET /api/schedules/ -> 200 (0.028s)
2026-04-14 19:51:57,725 | INFO     | GET /api/leave-requests/ -> 200 (0.031s)
2026-04-14 19:51:57,756 | INFO     | GET /api/settings/ -> 200 (0.031s)
2026-04-14 19:51:57,756 | INFO     | GET /api/swaps/ -> 200 (0.031s)
2026-04-14 19:51:57,756 | INFO     | GET /api/shift-models/ -> 200 (0.021s)
2026-04-14 19:51:57,762 | INFO     | GET /api/officers/ -> 200 (0.037s)
2026-04-14 19:51:57,788 | INFO     | GET /api/schedules/ -> 200 (0.021s)
2026-04-14 19:51:57,794 | INFO     | GET /api/leave-requests/ -> 200 (0.027s)
2026-04-14 19:51:57,797 | INFO     | GET /api/swaps/ -> 200 (0.030s)
2026-04-14 19:51:57,799 | INFO     | GET /api/settings/ -> 200 (0.030s)
2026-04-14 19:53:13,307 | INFO     | Shift model created: 'EO' team=1
2026-04-14 19:53:13,311 | INFO     | POST /api/shift-models/ -> 200 (0.072s)
2026-04-14 19:53:13,335 | INFO     | GET /api/shift-models/ -> 200 (0.021s)
2026-04-14 19:53:25,738 | INFO     | [PREVIEW] team=1 2026-04 officers=9
2026-04-14 19:53:25,745 | INFO     | POST /api/schedules/preview -> 200 (0.030s)
2026-04-14 19:54:11,241 | INFO     | DELETE /api/shift-models/2 -> 200 (0.047s)
2026-04-14 19:54:11,261 | INFO     | GET /api/shift-models/ -> 200 (0.020s)
2026-04-14 19:54:14,841 | INFO     | DELETE /api/shift-models/1 -> 200 (0.025s)
2026-04-14 19:54:14,860 | INFO     | GET /api/shift-models/ -> 200 (0.009s)
2026-04-14 19:55:04,209 | INFO     | Shift model created: 'AS' team=1
2026-04-14 19:55:04,211 | INFO     | POST /api/shift-models/ -> 200 (0.041s)
2026-04-14 19:55:04,229 | INFO     | GET /api/shift-models/ -> 200 (0.010s)
2026-04-14 19:55:13,324 | INFO     | [PREVIEW] team=1 2026-04 officers=9
2026-04-14 19:55:13,324 | INFO     | POST /api/schedules/preview -> 200 (0.016s)
2026-04-14 19:55:35,282 | INFO     | DELETE /api/shift-models/1 -> 200 (0.036s)
2026-04-14 19:55:35,305 | INFO     | GET /api/shift-models/ -> 200 (0.017s)
2026-04-14 19:56:10,365 | INFO     | Shift model created: 'EO' team=1
2026-04-14 19:56:10,367 | INFO     | POST /api/shift-models/ -> 200 (0.029s)
2026-04-14 19:56:10,383 | INFO     | GET /api/shift-models/ -> 200 (0.007s)
2026-04-14 19:56:21,016 | INFO     | [PREVIEW] team=1 2026-04 officers=9
2026-04-14 19:56:21,016 | INFO     | POST /api/schedules/preview -> 200 (0.024s)
2026-04-14 19:57:16,935 | INFO     | DELETE /api/shift-models/1 -> 200 (0.030s)
2026-04-14 19:57:16,953 | INFO     | GET /api/shift-models/ -> 200 (0.012s)
2026-04-14 19:57:54,894 | INFO     | Shift model created: 'EA' team=1
2026-04-14 19:57:54,898 | INFO     | POST /api/shift-models/ -> 200 (0.050s)
2026-04-14 19:57:54,918 | INFO     | GET /api/shift-models/ -> 200 (0.020s)
2026-04-14 19:58:01,819 | INFO     | [PREVIEW] team=1 2026-04 officers=9
2026-04-14 19:58:01,827 | INFO     | POST /api/schedules/preview -> 200 (0.033s)
2026-04-15 17:16:58,565 | INFO     | GET /me -> 200 (0.053s)
2026-04-15 17:16:58,986 | INFO     | GET /me -> 200 (0.260s)
2026-04-15 17:16:59,157 | INFO     | GET /api/officers/ -> 200 (0.142s)
2026-04-15 17:16:59,180 | INFO     | GET /api/shift-models/ -> 200 (0.137s)
2026-04-15 17:16:59,199 | INFO     | GET /api/schedules/ -> 200 (0.167s)
2026-04-15 17:16:59,241 | INFO     | GET /api/leave-requests/ -> 200 (0.154s)
2026-04-15 17:16:59,257 | INFO     | GET /api/swaps/ -> 200 (0.170s)
2026-04-15 17:16:59,276 | INFO     | GET /api/settings/ -> 200 (0.177s)
2026-04-15 17:16:59,372 | INFO     | GET /api/officers/ -> 200 (0.153s)
2026-04-15 17:16:59,408 | INFO     | GET /api/schedules/ -> 200 (0.178s)
2026-04-15 17:16:59,438 | INFO     | GET /api/shift-models/ -> 200 (0.208s)
2026-04-15 17:16:59,481 | INFO     | GET /api/swaps/ -> 200 (0.162s)
2026-04-15 17:16:59,538 | INFO     | GET /api/leave-requests/ -> 200 (0.223s)
2026-04-15 17:16:59,574 | INFO     | GET /api/settings/ -> 200 (0.250s)
2026-04-15 17:19:35,327 | INFO     | GET /api/analytics/ -> 200 (0.014s)
2026-04-15 17:19:46,796 | INFO     | GET /api/leave-requests/ -> 200 (0.008s)
2026-04-15 17:19:46,811 | INFO     | GET /api/swaps/ -> 200 (0.010s)
2026-04-15 17:20:17,788 | INFO     | Login: 1@sterling.ng role=officer team=SMO
2026-04-15 17:20:17,788 | INFO     | POST /login -> 200 (0.309s)
2026-04-15 17:20:17,825 | INFO     | GET /api/my-schedule/available-months -> 200 (0.017s)
2026-04-15 17:20:17,832 | INFO     | GET /api/my-schedule/ -> 200 (0.021s)
2026-04-15 17:20:17,847 | INFO     | GET /api/my-schedule/available-months -> 200 (0.013s)
2026-04-15 17:20:17,853 | INFO     | GET /api/my-schedule/ -> 200 (0.015s)
2026-04-15 17:20:27,506 | INFO     | GET /api/leave-requests/ -> 200 (0.006s)
2026-04-15 17:20:34,494 | INFO     | GET /api/swaps/ -> 200 (0.008s)
2026-04-15 17:22:16,808 | INFO     | Login: nanicomlekan@sterling.ng role=teamlead team=SMO
2026-04-15 17:22:16,808 | INFO     | POST /login -> 200 (0.380s)
2026-04-15 17:22:16,835 | INFO     | GET /api/shift-models/ -> 200 (0.014s)
2026-04-15 17:22:16,841 | INFO     | GET /api/officers/ -> 200 (0.016s)
2026-04-15 17:22:16,854 | INFO     | GET /api/schedules/ -> 200 (0.011s)
2026-04-15 17:22:16,859 | INFO     | GET /api/leave-requests/ -> 200 (0.016s)
2026-04-15 17:22:16,867 | INFO     | GET /api/swaps/ -> 200 (0.007s)
2026-04-15 17:22:16,878 | INFO     | GET /api/settings/ -> 200 (0.013s)
2026-04-15 17:22:16,885 | INFO     | GET /api/shift-models/ -> 200 (0.010s)
2026-04-15 17:22:16,893 | INFO     | GET /api/officers/ -> 200 (0.010s)
2026-04-15 17:22:16,901 | INFO     | GET /api/schedules/ -> 200 (0.010s)
2026-04-15 17:22:16,910 | INFO     | GET /api/leave-requests/ -> 200 (0.009s)
2026-04-15 17:22:16,915 | INFO     | GET /api/swaps/ -> 200 (0.009s)
2026-04-15 17:22:16,927 | INFO     | GET /api/settings/ -> 200 (0.012s)
2026-04-15 17:24:16,998 | INFO     | [PREVIEW] team=1 2026-04 officers=9
2026-04-15 17:24:17,000 | INFO     | POST /api/schedules/preview -> 200 (0.017s)
2026-04-15 17:25:45,048 | INFO     | Login: 1@sterling.ng role=officer team=SMO
2026-04-15 17:25:45,053 | INFO     | POST /login -> 200 (0.406s)
2026-04-15 17:25:45,094 | INFO     | GET /api/my-schedule/available-months -> 200 (0.018s)
2026-04-15 17:25:45,098 | INFO     | GET /api/my-schedule/ -> 200 (0.020s)
2026-04-15 17:25:45,116 | INFO     | GET /api/my-schedule/ -> 200 (0.012s)
2026-04-15 17:25:45,122 | INFO     | GET /api/my-schedule/available-months -> 200 (0.022s)
2026-04-15 17:25:53,454 | INFO     | GET /api/leave-requests/ -> 200 (0.003s)
2026-04-15 17:26:06,119 | INFO     | Leave request: 1@sterling.ng 2026-04-17->2026-04-24 team=1
2026-04-15 17:26:06,121 | INFO     | POST /api/leave-requests/ -> 200 (0.030s)
2026-04-15 17:26:06,134 | INFO     | GET /api/leave-requests/ -> 200 (0.006s)
2026-04-15 17:26:11,597 | INFO     | Login: nanicomlekan@sterling.ng role=teamlead team=SMO
2026-04-15 17:26:11,599 | INFO     | POST /login -> 200 (0.362s)
2026-04-15 17:26:11,617 | INFO     | GET /api/officers/ -> 200 (0.006s)
2026-04-15 17:26:11,632 | INFO     | GET /api/shift-models/ -> 200 (0.008s)
2026-04-15 17:26:11,649 | INFO     | GET /api/schedules/ -> 200 (0.012s)
2026-04-15 17:26:11,664 | INFO     | GET /api/leave-requests/ -> 200 (0.011s)
2026-04-15 17:26:11,680 | INFO     | GET /api/swaps/ -> 200 (0.010s)
2026-04-15 17:26:11,693 | INFO     | GET /api/settings/ -> 200 (0.008s)
2026-04-15 17:26:11,707 | INFO     | GET /api/officers/ -> 200 (0.008s)
2026-04-15 17:26:11,715 | INFO     | GET /api/shift-models/ -> 200 (0.008s)
2026-04-15 17:26:11,729 | INFO     | GET /api/schedules/ -> 200 (0.006s)
2026-04-15 17:26:11,741 | INFO     | GET /api/leave-requests/ -> 200 (0.008s)
2026-04-15 17:26:11,756 | INFO     | GET /api/swaps/ -> 200 (0.009s)
2026-04-15 17:26:11,769 | INFO     | GET /api/settings/ -> 200 (0.008s)
2026-04-15 17:26:14,028 | INFO     | GET /api/swaps/ -> 200 (0.010s)
2026-04-15 17:26:14,035 | INFO     | GET /api/leave-requests/ -> 200 (0.017s)
2026-04-26 03:05:47,834 | INFO     | [SCHEDULER] Started (Africa/Lagos timezone)
2026-04-26 03:05:47,838 | INFO     | SMO Team Scheduler v4.0 started
2026-04-26 03:05:48,308 | INFO     | GET / -> 200 (0.002s)
2026-04-26 03:05:48,421 | INFO     | GET /favicon.ico -> 404 (0.001s)
2026-04-26 03:08:09,571 | INFO     | GET /me -> 401 (0.062s)
2026-04-26 03:08:09,584 | INFO     | GET /me -> 401 (0.006s)
2026-04-26 03:08:29,378 | INFO     | Login: nanicomlekan@sterling.ng role=teamlead team=SMO
2026-04-26 03:08:29,379 | INFO     | POST /login -> 200 (0.412s)
2026-04-26 03:08:29,476 | INFO     | GET /api/officers/ -> 200 (0.014s)
2026-04-26 03:08:29,500 | INFO     | GET /api/shift-models/ -> 200 (0.020s)
2026-04-26 03:08:29,505 | INFO     | GET /api/schedules/ -> 200 (0.023s)
2026-04-26 03:08:29,519 | INFO     | GET /api/leave-requests/ -> 200 (0.012s)
2026-04-26 03:08:29,558 | INFO     | GET /api/swaps/ -> 200 (0.039s)
2026-04-26 03:08:29,562 | INFO     | GET /api/settings/ -> 200 (0.035s)
2026-04-26 03:08:29,577 | INFO     | GET /api/shift-models/ -> 200 (0.010s)
2026-04-26 03:08:29,580 | INFO     | GET /api/officers/ -> 200 (0.015s)
2026-04-26 03:08:29,592 | INFO     | GET /api/schedules/ -> 200 (0.012s)
2026-04-26 03:08:29,596 | INFO     | GET /api/leave-requests/ -> 200 (0.013s)
2026-04-26 03:08:29,606 | INFO     | GET /api/swaps/ -> 200 (0.008s)
2026-04-26 03:08:29,609 | INFO     | GET /api/settings/ -> 200 (0.010s)
2026-04-26 03:10:06,831 | INFO     | DELETE /api/shift-models/1 -> 200 (0.019s)
2026-04-26 03:10:06,845 | INFO     | GET /api/shift-models/ -> 200 (0.007s)
2026-04-26 03:14:28,096 | INFO     | [PREVIEW] team=1 2026-05 officers=9
2026-04-26 03:14:28,099 | INFO     | POST /api/schedules/preview -> 200 (0.018s)
2026-04-26 03:15:18,817 | INFO     | [PREVIEW] team=1 2026-05 officers=9
2026-04-26 03:15:18,821 | INFO     | POST /api/schedules/preview -> 200 (0.014s)
2026-04-26 03:16:09,118 | INFO     | [PREVIEW] team=1 2026-05 officers=9
2026-04-26 03:16:09,120 | INFO     | POST /api/schedules/preview -> 200 (0.010s)
2026-04-26 03:18:37,178 | INFO     | [PREVIEW] team=1 2026-05 officers=9
2026-04-26 03:18:37,181 | INFO     | POST /api/schedules/preview -> 200 (0.010s)
2026-04-26 03:21:03,114 | INFO     | GET /api/swaps/ -> 200 (0.021s)
2026-04-26 03:21:03,122 | INFO     | GET /api/leave-requests/ -> 200 (0.031s)
2026-04-26 03:21:09,380 | INFO     | PUT /api/leave-requests/2/review -> 200 (0.061s)
2026-04-26 03:21:09,404 | INFO     | GET /api/leave-requests/ -> 200 (0.014s)
2026-04-26 03:21:25,803 | INFO     | Auto-registered: 1nanicomlekan@sterling.ng
2026-04-26 03:21:25,805 | INFO     | Login: 1nanicomlekan@sterling.ng role=no_team team=None
2026-04-26 03:21:25,810 | INFO     | POST /login -> 200 (0.772s)
2026-04-26 03:21:37,620 | INFO     | POST /api/teams/create -> 400 (0.020s)
2026-04-26 03:21:43,318 | INFO     | Team created: 'smo1' by 1nanicomlekan@sterling.ng
2026-04-26 03:21:43,322 | INFO     | POST /api/teams/create -> 200 (0.061s)
2026-04-26 03:21:43,346 | INFO     | GET /me -> 200 (0.011s)
2026-04-26 03:21:43,404 | INFO     | GET /api/leave-requests/ -> 200 (0.018s)
2026-04-26 03:21:43,421 | INFO     | GET /api/swaps/ -> 200 (0.009s)
2026-04-26 03:21:43,441 | INFO     | GET /api/officers/ -> 200 (0.011s)
2026-04-26 03:21:43,459 | INFO     | GET /api/shift-models/ -> 200 (0.009s)
2026-04-26 03:21:43,472 | INFO     | GET /api/schedules/ -> 200 (0.008s)
2026-04-26 03:21:43,490 | INFO     | GET /api/settings/ -> 200 (0.012s)
2026-04-26 03:21:43,506 | INFO     | GET /api/leave-requests/ -> 200 (0.010s)
2026-04-26 03:21:43,523 | INFO     | GET /api/swaps/ -> 200 (0.012s)
2026-04-26 03:21:43,526 | INFO     | GET /api/officers/ -> 200 (0.014s)
2026-04-26 03:21:43,545 | INFO     | GET /api/shift-models/ -> 200 (0.014s)
2026-04-26 03:21:43,548 | INFO     | GET /api/schedules/ -> 200 (0.016s)
2026-04-26 03:21:43,567 | INFO     | GET /api/settings/ -> 200 (0.015s)
2026-04-26 03:22:13,086 | INFO     | Login: nanicomlekan@sterling.ng role=teamlead team=SMO
2026-04-26 03:22:13,090 | INFO     | POST /login -> 200 (0.667s)
2026-04-26 03:22:13,141 | INFO     | GET /api/shift-models/ -> 200 (0.035s)
2026-04-26 03:22:13,154 | INFO     | GET /api/officers/ -> 200 (0.049s)
2026-04-26 03:22:13,166 | INFO     | GET /api/schedules/ -> 200 (0.059s)
2026-04-26 03:22:13,169 | INFO     | GET /api/leave-requests/ -> 200 (0.050s)
2026-04-26 03:22:13,188 | INFO     | GET /api/swaps/ -> 200 (0.037s)
2026-04-26 03:22:13,215 | INFO     | GET /api/officers/ -> 200 (0.033s)
2026-04-26 03:22:13,219 | INFO     | GET /api/settings/ -> 200 (0.054s)
2026-04-26 03:22:13,229 | INFO     | GET /api/shift-models/ -> 200 (0.048s)
2026-04-26 03:22:13,247 | INFO     | GET /api/schedules/ -> 200 (0.047s)
2026-04-26 03:22:13,269 | INFO     | GET /api/swaps/ -> 200 (0.035s)
2026-04-26 03:22:13,277 | INFO     | GET /api/leave-requests/ -> 200 (0.048s)
2026-04-26 03:22:13,281 | INFO     | GET /api/settings/ -> 200 (0.041s)
2026-04-26 03:23:03,292 | INFO     | [PREVIEW] team=1 2026-05 officers=9
2026-04-26 03:23:03,298 | INFO     | POST /api/schedules/preview -> 200 (0.025s)
2026-04-26 03:54:14,212 | INFO     | [SCHEDULER] Started (Africa/Lagos timezone)
2026-04-26 03:54:14,213 | INFO     | SMO Team Scheduler v4.0 started
2026-04-26 03:54:25,499 | INFO     | [SCHEDULER] Started (Africa/Lagos timezone)
2026-04-26 03:54:25,500 | INFO     | SMO Team Scheduler v4.0 started
2026-04-26 03:54:57,747 | INFO     | GET /me -> 200 (0.075s)
2026-04-26 03:54:57,750 | INFO     | GET /me -> 200 (0.076s)
2026-04-26 03:54:57,799 | INFO     | GET /api/officers/ -> 200 (0.018s)
2026-04-26 03:54:57,803 | INFO     | GET /api/shift-models/ -> 200 (0.020s)
2026-04-26 03:54:57,835 | INFO     | GET /api/schedules/ -> 200 (0.027s)
2026-04-26 03:54:57,856 | INFO     | GET /api/leave-requests/ -> 200 (0.018s)
2026-04-26 03:54:57,860 | INFO     | GET /api/officers/ -> 200 (0.020s)
2026-04-26 03:54:57,879 | INFO     | GET /api/shift-models/ -> 200 (0.017s)
2026-04-26 03:54:57,884 | INFO     | GET /api/swaps/ -> 200 (0.018s)
2026-04-26 03:54:57,909 | INFO     | GET /api/schedules/ -> 200 (0.022s)
2026-04-26 03:54:57,914 | INFO     | GET /api/leave-requests/ -> 200 (0.027s)
2026-04-26 03:54:57,922 | INFO     | GET /api/swaps/ -> 200 (0.009s)
2026-04-26 03:54:57,930 | INFO     | GET /api/settings/ -> 200 (0.042s)
2026-04-26 03:54:57,943 | INFO     | GET /api/settings/ -> 200 (0.010s)
2026-04-26 03:55:25,142 | INFO     | [PREVIEW] team=1 2026-05 officers=9
2026-04-26 03:55:25,147 | INFO     | POST /api/schedules/preview -> 200 (0.026s)
2026-04-26 03:57:04,568 | INFO     | [PREVIEW] team=1 2026-05 officers=9
2026-04-26 03:57:04,571 | INFO     | POST /api/schedules/preview -> 200 (0.016s)
2026-04-26 09:50:50,671 | INFO     | [SCHEDULER] Started (Africa/Lagos timezone)
2026-04-26 09:50:50,671 | INFO     | SMO Team Scheduler v4.0 started
2026-04-26 09:51:48,882 | INFO     | Login: nanicomlekan@sterling.ng role=teamlead team=SMO
2026-04-26 09:51:48,897 | INFO     | POST /login -> 200 (0.326s)
2026-04-26 09:51:48,972 | INFO     | GET /api/officers/ -> 200 (0.006s)
2026-04-26 09:51:48,991 | INFO     | GET /api/shift-models/ -> 200 (0.026s)
2026-04-26 09:51:48,991 | INFO     | GET /api/schedules/ -> 200 (0.026s)
2026-04-26 09:51:48,997 | INFO     | GET /api/swaps/ -> 200 (0.016s)
2026-04-26 09:51:49,022 | INFO     | GET /api/settings/ -> 200 (0.024s)
2026-04-26 09:51:49,026 | INFO     | GET /api/leave-requests/ -> 200 (0.034s)
2026-04-26 09:51:49,030 | INFO     | GET /api/officers/ -> 200 (0.031s)
2026-04-26 09:51:49,042 | INFO     | GET /api/shift-models/ -> 200 (0.013s)
2026-04-26 09:51:49,046 | INFO     | GET /api/schedules/ -> 200 (0.013s)
2026-04-26 09:51:49,050 | INFO     | GET /api/swaps/ -> 200 (0.017s)
2026-04-26 09:51:49,064 | INFO     | GET /api/settings/ -> 200 (0.018s)
2026-04-26 09:51:49,068 | INFO     | GET /api/leave-requests/ -> 200 (0.019s)
2026-04-26 09:52:24,471 | INFO     | [PREVIEW] team=1 2026-04 officers=9
2026-04-26 09:52:24,471 | INFO     | POST /api/schedules/preview -> 200 (0.022s)
2026-04-26 10:10:12,825 | INFO     | GET /me -> 200 (0.007s)
2026-04-26 10:10:12,838 | INFO     | GET /me -> 200 (0.009s)
2026-04-26 10:10:12,879 | INFO     | GET /api/officers/ -> 200 (0.015s)
2026-04-26 10:10:12,883 | INFO     | GET /api/shift-models/ -> 200 (0.013s)
2026-04-26 10:10:12,896 | INFO     | GET /api/schedules/ -> 200 (0.010s)
2026-04-26 10:10:12,900 | INFO     | GET /api/leave-requests/ -> 200 (0.010s)
2026-04-26 10:10:12,909 | INFO     | GET /api/swaps/ -> 200 (0.008s)
2026-04-26 10:10:12,917 | INFO     | GET /api/settings/ -> 200 (0.008s)
2026-04-26 10:10:12,933 | INFO     | GET /api/shift-models/ -> 200 (0.016s)
2026-04-26 10:10:12,933 | INFO     | GET /api/officers/ -> 200 (0.016s)
2026-04-26 10:10:12,947 | INFO     | GET /api/schedules/ -> 200 (0.014s)
2026-04-26 10:10:12,957 | INFO     | GET /api/leave-requests/ -> 200 (0.017s)
2026-04-26 10:10:12,959 | INFO     | GET /api/swaps/ -> 200 (0.007s)
2026-04-26 10:10:12,972 | INFO     | GET /api/settings/ -> 200 (0.012s)
2026-04-26 10:12:04,777 | INFO     | [PREVIEW] team=1 2026-05 officers=9
2026-04-26 10:12:04,781 | INFO     | POST /api/schedules/preview -> 200 (0.021s)
2026-04-26 10:17:19,489 | INFO     | GET /api/holidays/ -> 200 (0.007s)
2026-04-26 10:17:51,002 | INFO     | GET /api/holidays/ -> 200 (0.007s)
2026-04-26 10:17:51,020 | INFO     | GET /api/analytics/ -> 200 (0.016s)
2026-04-26 10:17:56,370 | INFO     | GET /api/analytics/ -> 200 (0.005s)
2026-04-26 10:17:58,155 | INFO     | GET /api/analytics/ -> 200 (0.012s)
2026-04-26 10:18:04,887 | INFO     | GET /api/holidays/ -> 200 (0.008s)
2026-04-26 10:18:08,769 | INFO     | [PREVIEW] team=1 2026-05 officers=9
2026-04-26 10:18:08,771 | INFO     | POST /api/schedules/preview -> 200 (0.014s)
2026-04-26 10:18:12,677 | INFO     | [SAVE] team=1 2026-05 id=2
2026-04-26 10:18:12,677 | INFO     | POST /api/schedules/save -> 200 (0.097s)
2026-04-26 10:18:12,686 | INFO     | GET /api/schedules/ -> 200 (0.000s)
2026-04-26 10:18:16,289 | INFO     | GET /api/holidays/ -> 200 (0.023s)
2026-04-26 10:18:16,298 | INFO     | GET /api/analytics/ -> 200 (0.035s)
2026-04-26 10:18:40,109 | INFO     | GET /api/analytics/ -> 200 (0.016s)
2026-04-26 10:18:42,287 | INFO     | GET /api/swaps/ -> 200 (0.008s)
2026-04-26 10:18:42,294 | INFO     | GET /api/leave-requests/ -> 200 (0.015s)
2026-04-26 10:18:42,307 | INFO     | GET /api/holidays/ -> 200 (0.009s)
2026-04-26 10:18:55,727 | INFO     | GET /api/holidays/ -> 200 (0.000s)
2026-04-26 10:19:11,367 | INFO     | GET /api/holidays/ -> 200 (0.000s)
2026-04-26 10:32:03,085 | INFO     | PUT /api/officers/1 -> 200 (0.053s)
2026-04-26 10:32:03,120 | INFO     | GET /api/officers/ -> 200 (0.015s)
2026-04-26 10:32:12,665 | INFO     | PUT /api/officers/2 -> 200 (0.039s)
2026-04-26 10:32:12,698 | INFO     | GET /api/officers/ -> 200 (0.012s)
2026-04-26 10:32:26,806 | INFO     | PUT /api/officers/3 -> 200 (0.045s)
2026-04-26 10:32:26,831 | INFO     | GET /api/officers/ -> 200 (0.020s)
2026-04-26 10:32:40,360 | INFO     | PUT /api/officers/4 -> 200 (0.049s)
2026-04-26 10:32:40,377 | INFO     | GET /api/officers/ -> 200 (0.017s)
2026-04-26 10:32:52,728 | INFO     | PUT /api/officers/5 -> 200 (0.035s)
2026-04-26 10:32:52,751 | INFO     | GET /api/officers/ -> 200 (0.013s)
2026-04-26 10:33:09,279 | INFO     | PUT /api/officers/6 -> 200 (0.033s)
2026-04-26 10:33:09,313 | INFO     | GET /api/officers/ -> 200 (0.017s)
2026-04-26 10:33:23,935 | INFO     | PUT /api/officers/7 -> 200 (0.043s)
2026-04-26 10:33:23,962 | INFO     | GET /api/officers/ -> 200 (0.011s)
2026-04-26 10:33:51,094 | INFO     | PUT /api/officers/8 -> 200 (0.040s)
2026-04-26 10:33:51,112 | INFO     | GET /api/officers/ -> 200 (0.018s)
2026-04-26 10:34:04,633 | INFO     | PUT /api/officers/9 -> 200 (0.058s)
2026-04-26 10:34:04,658 | INFO     | GET /api/officers/ -> 200 (0.017s)
2026-04-26 10:34:09,874 | INFO     | [PREVIEW] team=1 2026-05 officers=9
2026-04-26 10:34:09,880 | INFO     | POST /api/schedules/preview -> 200 (0.030s)
2026-04-26 10:36:03,149 | INFO     | [PREVIEW] team=1 2026-05 officers=9
2026-04-26 10:36:03,157 | INFO     | POST /api/schedules/preview -> 200 (0.024s)
2026-04-26 10:36:48,570 | INFO     | [SAVE] team=1 2026-05 id=2
2026-04-26 10:36:48,586 | INFO     | POST /api/schedules/save -> 200 (0.182s)
2026-04-26 10:36:48,614 | INFO     | GET /api/schedules/ -> 200 (0.014s)
